<?xml version="1.0" encoding="UTF-8"?>
<testng-results ignored="0" total="1" passed="1" failed="0" skipped="0">
  <reporter-output>
  </reporter-output>
  <suite started-at="2019-08-02T20:11:29 IST" name="Default suite" finished-at="2019-08-02T20:12:08 IST" duration-ms="38908">
    <groups>
    </groups>
    <test started-at="2019-08-02T20:11:29 IST" name="Default test" finished-at="2019-08-02T20:12:08 IST" duration-ms="38908">
      <class name="com.falcon.qa.testcases.ViewPageTest">
        <test-method is-config="true" signature="setUp()[pri:0, instance:com.falcon.qa.testcases.ViewPageTest@290d210d]" started-at="2019-08-02T20:11:29 IST" name="setUp" finished-at="2019-08-02T20:11:36 IST" duration-ms="6865" status="PASS">
          <reporter-output>
          </reporter-output>
        </test-method> <!-- setUp -->
        <test-method signature="verifyResultCountByToggle()[pri:0, instance:com.falcon.qa.testcases.ViewPageTest@290d210d]" started-at="2019-08-02T20:11:36 IST" name="verifyResultCountByToggle" finished-at="2019-08-02T20:12:08 IST" duration-ms="31992" status="PASS">
          <reporter-output>
          </reporter-output>
        </test-method> <!-- verifyResultCountByToggle -->
      </class> <!-- com.falcon.qa.testcases.ViewPageTest -->
    </test> <!-- Default test -->
  </suite> <!-- Default suite -->
</testng-results>
