<?xml version="1.0" encoding="UTF-8"?>
<!-- Generated by org.testng.reporters.JUnitXMLReporter -->
<testsuite ignored="0" hostname="ATMECSINDT-012" failures="0" tests="3" name="Falcon App Test Cases" time="72.033" errors="0" timestamp="2019-08-02T16:50:22 IST">
  <testcase classname="com.falcon.qa.testcases.DashboardPageTest" name="verifyProductlinkTest" time="20.512"/>
  <testcase classname="com.falcon.qa.testcases.DashboardPageTest" name="clickonLinkByNameTest" time="12.305"/>
  <testcase classname="com.falcon.qa.testcases.ViewPageTest" name="verifyResultCountByToggle" time="20.473"/>
</testsuite> <!-- Falcon App Test Cases -->
